[LOG] System::create                           : Header version = 2.01.11. Current version = 2.01.11.
[LOG] Manager::init                            : maxchannels = 256 studioflags = 00000006 flags 00000000 extradriverdata 0000000000000000.
[LOG] SystemI::init                            : Initialize version=20111 (118066), maxchannels=256, flags=0x00020000
[LOG] SystemI::setOutputInternal               : Setting output to 'FMOD WASAPI Output'
[LOG] OutputWASAPI::init                       : Mix Format (WAVEFORMATEX): wFormatTag=0xFFFE, nChannels=2, nSamplesPerSec=48000, nAvgBytesPerSec=384000, nBlockAlign=8, wBitsPerSample=32, cbSize=22.
[LOG] OutputWASAPI::init                       : Mix Format (WAVEFORMATEXTENSIBLE): wValidBitsPerSample=32, dwChannelMask=0x00000003, SubFormat=00000003-0000-0010-8000-00AA00389B71.
[LOG] OutputWASAPI::init                       : Output buffer size: 4096 samples, latency: 0.00ms, period: 10.00ms, DSP buffer: 1024 * 4
[LOG] Thread::initThread                       : Init FMOD stream thread. Affinity: 0x8000000000000003, Priority: 0xFFFF7FFB, Stack Size: 98304, Semaphore: No, Sleep Time: 10, Looping: Yes.
[LOG] Thread::initThread                       : Init FMOD mixer thread. Affinity: 0x8000000000000001, Priority: 0xFFFF7FFA, Stack Size: 81920, Semaphore: No, Sleep Time: 0, Looping: Yes.
[LOG] AsyncManager::init                       : manager 000001ECCC4B2D08 isAsync 0 updatePeriod 0.02
[LOG] AsyncManager::init                       : done
[LOG] PlaybackSystem::init                     : 
[LOG] Thread::initThread                       : Init FMOD Studio sample load thread. Affinity: 0x8000000000000003, Priority: 0xFFFF7FFD, Stack Size: 98304, Semaphore: No, Sleep Time: 1, Looping: No.
[LOG] PlaybackSystem::init                     : done
[LOG] Thread::initThread                       : Init FMOD Studio bank load thread. Affinity: 0x8000000000000003, Priority: 0xFFFF7FFD, Stack Size: 98304, Semaphore: No, Sleep Time: 1, Looping: No.
[LOG] Manager::init                            : done.
[LOG] Manager::readBank                        : fileversion = 135, compatVersion = 132 (oldest = 44, newest = 135)
[LOG] Manager::readBank                        : fileversion = 135, compatVersion = 132 (oldest = 44, newest = 135)
[LOG] Manager::readBank                        : fileversion = 135, compatVersion = 132 (oldest = 44, newest = 135)
[LOG] PlaybackSystem::acquireMasterBus         : Setting master channel group format to 6
[LOG] SystemI::createSoundInternal             : Create name='', mode=0x02000202
[LOG] SystemI::createSoundInternal             : exinfo->cbsize             = 224
[LOG] SystemI::createSoundInternal             : exinfo->length             = 3467776
[LOG] SystemI::createSoundInternal             : exinfo->fileoffset         = 30720
[LOG] SystemI::createSoundInternal             : exinfo->numsubsounds       = 1
[LOG] SystemI::createSoundInternal             : exinfo->inclusionlist      = 0000004BD70AF4D8
[LOG] SystemI::createSoundInternal             : exinfo->inclusionlistnum   = 1
[LOG] SystemI::createSoundInternal             : exinfo->suggestedsoundtype = 5
[LOG] SystemI::createSoundInternal             : exinfo->useropen           = 00007FFDF2A860E0
[LOG] SystemI::createSoundInternal             : exinfo->userclose          = 00007FFDF2A860B0
[LOG] SystemI::createSoundInternal             : exinfo->userread           = 00007FFDF2A861B0
[LOG] SystemI::createSoundInternal             : exinfo->userseek           = 00007FFDF2A86270
[LOG] SystemI::createSoundInternal             : exinfo->fileuserdata       = 000001EC68AC9B28
[LOG] SystemI::createSoundInternal             : exinfo->initialseekpostype = 1
[LOG] SystemI::DSPCodecPoolRegister            : register codec pool for pool type 5
[LOG] SystemI::createSoundInternal             : Sample 0/1: name='ChooseBacteria', format=5, channels=2, frequency=48000, lengthbytes=4512, lengthpcm=22569, pcmblocksize=0, loopstart=0, loopend=0, mode=0x00000000, channelmask=0x00000000, channelorder=0, peakvolume=0.245819.
[LOG] SystemI::createSoundInternal             : Create name='', mode=0x02000202
[LOG] SystemI::createSoundInternal             : exinfo->cbsize             = 224
[LOG] SystemI::createSoundInternal             : exinfo->length             = 3467776
[LOG] SystemI::createSoundInternal             : exinfo->fileoffset         = 30720
[LOG] SystemI::createSoundInternal             : exinfo->numsubsounds       = 1
[LOG] SystemI::createSoundInternal             : exinfo->inclusionlist      = 0000004BD70AF4D8
[LOG] SystemI::createSoundInternal             : exinfo->inclusionlistnum   = 1
[LOG] SystemI::createSoundInternal             : exinfo->suggestedsoundtype = 5
[LOG] SystemI::createSoundInternal             : exinfo->useropen           = 00007FFDF2A860E0
[LOG] SystemI::createSoundInternal             : exinfo->userclose          = 00007FFDF2A860B0
[LOG] SystemI::createSoundInternal             : exinfo->userread           = 00007FFDF2A861B0
[LOG] SystemI::createSoundInternal             : exinfo->userseek           = 00007FFDF2A86270
[LOG] SystemI::createSoundInternal             : exinfo->fileuserdata       = 000001EC0A746548
[LOG] SystemI::createSoundInternal             : exinfo->initialseekpostype = 1
[LOG] SystemI::DSPCodecPoolRegister            : register codec pool for pool type 5
[LOG] SystemI::createSoundInternal             : Sample 0/1: name='PasarTurnoSFX', format=5, channels=2, frequency=48000, lengthbytes=9088, lengthpcm=65201, pcmblocksize=0, loopstart=0, loopend=0, mode=0x00000000, channelmask=0x00000000, channelorder=0, peakvolume=0.705933.
[LOG] SystemI::createSoundInternal             : Create name='', mode=0x02000202
[LOG] SystemI::createSoundInternal             : exinfo->cbsize             = 224
[LOG] SystemI::createSoundInternal             : exinfo->length             = 3467776
[LOG] SystemI::createSoundInternal             : exinfo->fileoffset         = 30720
[LOG] SystemI::createSoundInternal             : exinfo->numsubsounds       = 1
[LOG] SystemI::createSoundInternal             : exinfo->inclusionlist      = 0000004BD70AF4D8
[LOG] SystemI::createSoundInternal             : exinfo->inclusionlistnum   = 1
[LOG] SystemI::createSoundInternal             : exinfo->suggestedsoundtype = 5
[LOG] SystemI::createSoundInternal             : exinfo->useropen           = 00007FFDF2A860E0
[LOG] SystemI::createSoundInternal             : exinfo->userclose          = 00007FFDF2A860B0
[LOG] SystemI::createSoundInternal             : exinfo->userread           = 00007FFDF2A861B0
[LOG] SystemI::createSoundInternal             : exinfo->userseek           = 00007FFDF2A86270
[LOG] SystemI::createSoundInternal             : exinfo->fileuserdata       = 000001EC5A568BB8
[LOG] SystemI::createSoundInternal             : exinfo->initialseekpostype = 1
[LOG] SystemI::DSPCodecPoolRegister            : register codec pool for pool type 5
[LOG] SystemI::createSoundInternal             : Sample 0/1: name='SpitShoot', format=5, channels=2, frequency=48000, lengthbytes=4512, lengthpcm=17554, pcmblocksize=0, loopstart=0, loopend=0, mode=0x00000000, channelmask=0x00000000, channelorder=0, peakvolume=0.083282.
[LOG] SystemI::createSoundInternal             : Create name='', mode=0x02000202
[LOG] SystemI::createSoundInternal             : exinfo->cbsize             = 224
[LOG] SystemI::createSoundInternal             : exinfo->length             = 3467776
[LOG] SystemI::createSoundInternal             : exinfo->fileoffset         = 30720
[LOG] SystemI::createSoundInternal             : exinfo->numsubsounds       = 1
[LOG] SystemI::createSoundInternal             : exinfo->inclusionlist      = 0000004BD70AF4D8
[LOG] SystemI::createSoundInternal             : exinfo->inclusionlistnum   = 1
[LOG] SystemI::createSoundInternal             : exinfo->suggestedsoundtype = 5
[LOG] SystemI::createSoundInternal             : exinfo->useropen           = 00007FFDF2A860E0
[LOG] SystemI::createSoundInternal             : exinfo->userclose          = 00007FFDF2A860B0
[LOG] SystemI::createSoundInternal             : exinfo->userread           = 00007FFDF2A861B0
[LOG] SystemI::createSoundInternal             : exinfo->userseek           = 00007FFDF2A86270
[LOG] SystemI::createSoundInternal             : exinfo->fileuserdata       = 000001ECC6B84E18
[LOG] SystemI::createSoundInternal             : exinfo->initialseekpostype = 1
[LOG] SystemI::DSPCodecPoolRegister            : register codec pool for pool type 5
[LOG] SystemI::createSoundInternal             : Sample 0/1: name='BacteriaDamage', format=5, channels=2, frequency=48000, lengthbytes=12256, lengthpcm=48901, pcmblocksize=0, loopstart=0, loopend=0, mode=0x00000000, channelmask=0x00000000, channelorder=0, peakvolume=0.975922.
[LOG] SystemI::createSoundInternal             : Create name='', mode=0x02000202
[LOG] SystemI::createSoundInternal             : exinfo->cbsize             = 224
[LOG] SystemI::createSoundInternal             : exinfo->length             = 3467776
[LOG] SystemI::createSoundInternal             : exinfo->fileoffset         = 30720
[LOG] SystemI::createSoundInternal             : exinfo->numsubsounds       = 1
[LOG] SystemI::createSoundInternal             : exinfo->inclusionlist      = 0000004BD70AF4D8
[LOG] SystemI::createSoundInternal             : exinfo->inclusionlistnum   = 1
[LOG] SystemI::createSoundInternal             : exinfo->suggestedsoundtype = 5
[LOG] SystemI::createSoundInternal             : exinfo->useropen           = 00007FFDF2A860E0
[LOG] SystemI::createSoundInternal             : exinfo->userclose          = 00007FFDF2A860B0
[LOG] SystemI::createSoundInternal             : exinfo->userread           = 00007FFDF2A861B0
[LOG] SystemI::createSoundInternal             : exinfo->userseek           = 00007FFDF2A86270
[LOG] SystemI::createSoundInternal             : exinfo->fileuserdata       = 000001EC0A748E88
[LOG] SystemI::createSoundInternal             : exinfo->initialseekpostype = 1
[LOG] SystemI::DSPCodecPoolRegister            : register codec pool for pool type 5
[LOG] SystemI::createSoundInternal             : Sample 0/1: name='PlatformDestruction', format=5, channels=2, frequency=48000, lengthbytes=8448, lengthpcm=48901, pcmblocksize=0, loopstart=0, loopend=0, mode=0x00000000, channelmask=0x00000000, channelorder=0, peakvolume=0.104645.
[LOG] SystemI::createSoundInternal             : Create name='', mode=0x02000202
[LOG] SystemI::createSoundInternal             : exinfo->cbsize             = 224
[LOG] SystemI::createSoundInternal             : exinfo->length             = 3467776
[LOG] SystemI::createSoundInternal             : exinfo->fileoffset         = 30720
[LOG] SystemI::createSoundInternal             : exinfo->numsubsounds       = 1
[LOG] SystemI::createSoundInternal             : exinfo->inclusionlist      = 0000004BD70AF4D8
[LOG] SystemI::createSoundInternal             : exinfo->inclusionlistnum   = 1
[LOG] SystemI::createSoundInternal             : exinfo->suggestedsoundtype = 5
[LOG] SystemI::createSoundInternal             : exinfo->useropen           = 00007FFDF2A860E0
[LOG] SystemI::createSoundInternal             : exinfo->userclose          = 00007FFDF2A860B0
[LOG] SystemI::createSoundInternal             : exinfo->userread           = 00007FFDF2A861B0
[LOG] SystemI::createSoundInternal             : exinfo->userseek           = 00007FFDF2A86270
[LOG] SystemI::createSoundInternal             : exinfo->fileuserdata       = 000001EC0A748E88
[LOG] SystemI::createSoundInternal             : exinfo->initialseekpostype = 1
[LOG] SystemI::DSPCodecPoolRegister            : register codec pool for pool type 5
[LOG] SystemI::createSoundInternal             : Sample 0/1: name='SpitImpact', format=5, channels=2, frequency=48000, lengthbytes=3712, lengthpcm=13792, pcmblocksize=0, loopstart=0, loopend=0, mode=0x00000000, channelmask=0x00000000, channelorder=0, peakvolume=0.624664.
[LOG] SoundI::release                          : tema nevera (000001ECC717D758)
[LOG] SoundI::release                          :     tema nevera (000001ECC733FBD8)
[LOG] SoundI::release                          :     tema nevera (000001EC6808D2A8)
[LOG] SoundI::release                          :  (000001EC0CB73D78)
[LOG] SoundI::release                          :     BacteriaDamage (000001EC0ADFC8B8)
[LOG] SoundI::release                          :  (000001EC0CB75FF8)
[LOG] SoundI::release                          :     PasarTurnoSFX (000001EC30EFA818)
[LOG] SoundI::release                          :  (000001EC0CB75E88)
[LOG] SoundI::release                          :     ChooseBacteria (000001EC0A350AB8)
[LOG] SoundI::release                          :  (000001EC0CB75308)
[LOG] SoundI::release                          :     SpitImpact (000001EC30EFCF18)
[LOG] SoundI::release                          :  (000001EC0CB73A98)
[LOG] SoundI::release                          :     SpitShoot (000001EC316677F8)
[LOG] SoundI::release                          :  (000001EC0CB75028)
[LOG] SoundI::release                          :     PlatformDestruction (000001EC30EFFC98)
[LOG] SoundI::release                          :  (000001EC0CB731F8)
[LOG] SoundI::release                          :     NeveraSFX (000001EC30EFCD78)
[LOG] Thread::callback                         : FMOD Studio update thread finished.
[LOG] Thread::callback                         : FMOD Studio bank load thread finished.
[LOG] Profile::disconnectAll                   : Profiler disconnecting all clients
[LOG] Thread::callback                         : FMOD Studio sample load thread finished.
[LOG] LiveUpdate::release                      : 
[LOG] LiveUpdate::reset                        : Reset connection (reason Disconnected)
[LOG] Thread::callback                         : FMOD stream thread finished.
[LOG] Thread::callback                         : FMOD mixer thread finished.
[LOG] Profile::disconnectAll                   : Profiler disconnecting all clients
[LOG] SystemI::close                           : Closed.
[LOG] Manager::readBank                        : fileversion = 135, compatVersion = 132 (oldest = 44, newest = 135)
[LOG] Manager::readBank                        : fileversion = 135, compatVersion = 132 (oldest = 44, newest = 135)
[LOG] Manager::readBank                        : fileversion = 135, compatVersion = 132 (oldest = 44, newest = 135)
[LOG] PlaybackSystem::acquireMasterBus         : Setting master channel group format to 6
